<?xml version="1.0" encoding="UTF-8"?>
<!-- Generated by org.testng.reporters.JUnitReportReporter -->
<testsuite hostname="VINAY-PATIL" failures="0" tests="1" name="gateway.testcases.HomePageTest" time="18.199" errors="0" timestamp="2022-04-25T11:43:30 IST" skipped="0">
  <testcase classname="gateway.testcases.HomePageTest" name="Order" time="18.199"/>
  <system-out/>
</testsuite> <!-- gateway.testcases.HomePageTest -->
