<?xml version="1.0" encoding="UTF-8"?>
<!-- Generated by org.testng.reporters.JUnitReportReporter -->
<testsuite hostname="VINAY-PATIL" failures="0" tests="1" name="gateway.testcases.ASNListTest" time="29.743" errors="0" timestamp="2022-10-10T12:46:53 IST" skipped="0">
  <testcase classname="gateway.testcases.ASNListTest" name="TC5" time="29.743"/>
  <system-out/>
</testsuite> <!-- gateway.testcases.ASNListTest -->
