<?xml version="1.0" encoding="UTF-8"?>
<!-- Generated by org.testng.reporters.JUnitReportReporter -->
<testsuite hostname="VINAY-PATIL" failures="0" tests="1" name="gateway.testcases.LoginPageTest" time="13.074" errors="0" timestamp="2022-10-06T12:52:41 IST" skipped="0">
  <testcase classname="gateway.testcases.LoginPageTest" name="logintest" time="13.074"/>
  <system-out/>
</testsuite> <!-- gateway.testcases.LoginPageTest -->
