<?xml version="1.0" encoding="UTF-8"?>
<!-- Generated by org.testng.reporters.JUnitReportReporter -->
<testsuite hostname="VINAY-PATIL" failures="0" tests="1" name="gateway.testcases.InvoiceListTest" time="24.884" errors="0" timestamp="2022-10-10T11:40:20 IST" skipped="0">
  <testcase classname="gateway.testcases.InvoiceListTest" name="TC49" time="24.884"/>
  <system-out/>
</testsuite> <!-- gateway.testcases.InvoiceListTest -->
